[debug] [2018-03-14T19:56:19.599Z] ----------------------------------------------------------------------
[debug] [2018-03-14T19:56:19.601Z] Command:       C:\Program Files\nodejs\node.exe C:\Users\shermam.miranda\AppData\Roaming\npm\node_modules\firebase-tools\bin\firebase serve
[debug] [2018-03-14T19:56:19.602Z] CLI Version:   3.17.4
[debug] [2018-03-14T19:56:19.602Z] Platform:      win32
[debug] [2018-03-14T19:56:19.602Z] Node Version:  v6.11.2
[debug] [2018-03-14T19:56:19.602Z] Time:          Wed Mar 14 2018 16:56:19 GMT-0300 (Hora oficial do Brasil)
[debug] [2018-03-14T19:56:19.602Z] ----------------------------------------------------------------------
[debug] 
[debug] [2018-03-14T19:56:19.615Z] > command requires scopes: ["email","openid","https://www.googleapis.com/auth/cloudplatformprojects.readonly","https://www.googleapis.com/auth/firebase","https://www.googleapis.com/auth/cloud-platform"]
[debug] [2018-03-14T19:56:19.615Z] > authorizing via signed-in user
[debug] [2018-03-14T19:56:19.617Z] > refreshing access token with scopes: ["email","https://www.googleapis.com/auth/cloud-platform","https://www.googleapis.com/auth/cloudplatformprojects.readonly","https://www.googleapis.com/auth/firebase","openid"]
[debug] [2018-03-14T19:56:19.618Z] >>> HTTP REQUEST POST https://www.googleapis.com/oauth2/v3/token  
 { refresh_token: '1/80LFZ4Nas9lrUhwtiPtGPTajlOKiQyNavtncOoI_ZwM',
  client_id: '563584335869-fgrhgmd47bqnekij5i8b5pr03ho849e6.apps.googleusercontent.com',
  client_secret: 'j9iVZfS8kkCEFUPaAeJV0sAi',
  grant_type: 'refresh_token',
  scope: 'email https://www.googleapis.com/auth/cloud-platform https://www.googleapis.com/auth/cloudplatformprojects.readonly https://www.googleapis.com/auth/firebase openid' } 
 Wed Mar 14 2018 16:56:19 GMT-0300 (Hora oficial do Brasil)
[debug] [2018-03-14T19:56:20.115Z] <<< HTTP RESPONSE 200
[debug] [2018-03-14T19:56:20.122Z] >>> HTTP REQUEST GET https://admin.firebase.com/v1/projects/bananinha-game  
  
 Wed Mar 14 2018 16:56:20 GMT-0300 (Hora oficial do Brasil)
[debug] [2018-03-14T19:56:21.829Z] <<< HTTP RESPONSE 200
[debug] [2018-03-14T19:56:21.830Z] >>> HTTP REQUEST GET https://admin.firebase.com/v1/database/bananinha-game/tokens  
  
 Wed Mar 14 2018 16:56:21 GMT-0300 (Hora oficial do Brasil)
[debug] [2018-03-14T19:56:23.253Z] <<< HTTP RESPONSE 200
[info] 
[info] === Serving from 'C:\Users\shermam.miranda\Documents\bananinha'...
[info] 
[debug] [2018-03-14T19:56:23.257Z] >>> HTTP REQUEST GET https://cloudresourcemanager.googleapis.com/v1/projects/bananinha-game  
  
 Wed Mar 14 2018 16:56:23 GMT-0300 (Hora oficial do Brasil)
[debug] [2018-03-14T19:56:24.820Z] <<< HTTP RESPONSE 200
[debug] [2018-03-14T19:56:24.821Z] >>> HTTP REQUEST GET https://mobilesdk-pa.googleapis.com/v1/projects/170907473553/clients/_:getWebAppConfig  
  
 Wed Mar 14 2018 16:56:24 GMT-0300 (Hora oficial do Brasil)
[debug] [2018-03-14T19:56:27.072Z] <<< HTTP RESPONSE 200
[info] i  hosting: Serving hosting files from: public
[info] +  hosting: Local server: http://localhost:5000

